<?xml version="1.0" encoding="UTF-8"?>
<!-- Generated by org.testng.reporters.JUnitReportReporter -->
<testsuite hostname="ESLLAP-3041" failures="0" tests="3" name="interviewPrep.TestNgSeries.DependOngrpAttr" time="0.013" errors="0" timestamp="06 Oct 2023 02:36:44 GMT" skipped="0">
  <testcase classname="interviewPrep.TestNgSeries.DependOngrpAttr" name="DRF" time="0.002"/>
  <testcase classname="interviewPrep.TestNgSeries.DependOngrpAttr" name="JR" time="0.010"/>
  <testcase classname="interviewPrep.TestNgSeries.DependOngrpAttr" name="C" time="0.001"/>
</testsuite> <!-- interviewPrep.TestNgSeries.DependOngrpAttr -->
