<?xml version="1.0" encoding="UTF-8"?>
<!-- Generated by org.testng.reporters.JUnitReportReporter -->
<testsuite hostname="ESLLAP-3041" failures="0" tests="3" name="interviewPrep.ParentClassTest" time="25.419" errors="0" timestamp="12 Aug 2023 10:51:40 GMT" skipped="0">
  <testcase classname="interviewPrep.ParentClassTest" name="venila" time="1.932"/>
  <testcase classname="interviewPrep.ParentClassTest" name="Mango" time="13.404"/>
  <testcase classname="interviewPrep.ParentClassTest" name="Apple" time="10.083"/>
</testsuite> <!-- interviewPrep.ParentClassTest -->
