<?xml version="1.0" encoding="UTF-8"?>
<!-- Generated by org.testng.reporters.JUnitReportReporter -->
<testsuite hostname="ESLLAP-3041" failures="0" tests="1" name="testNgPractice.TestClass2" time="0.015" errors="0" timestamp="12 Sep 2023 04:50:50 GMT" skipped="0">
  <testcase classname="testNgPractice.TestClass2" name="B" time="0.015"/>
</testsuite> <!-- testNgPractice.TestClass2 -->
