<?xml version="1.0" encoding="UTF-8"?>
<!-- Generated by org.testng.reporters.JUnitReportReporter -->
<testsuite hostname="ESLLAP-3041" failures="0" tests="2" name="testNgPractice.TestClass1" time="0.017" errors="0" timestamp="27 Oct 2023 05:30:05 GMT" skipped="0">
  <testcase classname="testNgPractice.TestClass1" name="OpenURL" time="0.015"/>
  <testcase classname="testNgPractice.TestClass1" name="SignOff" time="0.002"/>
</testsuite> <!-- testNgPractice.TestClass1 -->
