<?xml version="1.0" encoding="UTF-8"?>
<!-- Generated by org.testng.reporters.JUnitReportReporter -->
<testsuite hostname="ESLLAP-3041" failures="0" tests="3" name="testNgIgnore.DemopTestNg" time="0.016" errors="0" timestamp="10 Dec 2023 12:12:38 GMT" skipped="0">
  <testcase classname="testNgIgnore.DemopTestNg" name="zappyFlow" time="0.013"/>
  <testcase classname="testNgIgnore.DemopTestNg" name="sanity" time="0.002"/>
  <testcase classname="testNgIgnore.DemopTestNg" name="Regresion" time="0.001"/>
</testsuite> <!-- testNgIgnore.DemopTestNg -->
