<?xml version="1.0" encoding="UTF-8"?>
<!-- Generated by org.testng.reporters.JUnitReportReporter -->
<testsuite hostname="ESLLAP-3041" failures="0" tests="1" name="testNgPractice.ParameterTest" time="0.009" errors="0" timestamp="30 Jan 2024 15:14:11 GMT" skipped="0">
  <testcase classname="testNgPractice.ParameterTest" name="FillterProduct" time="0.009"/>
</testsuite> <!-- testNgPractice.ParameterTest -->
