<?xml version="1.0" encoding="UTF-8"?>
<!-- Generated by org.testng.reporters.JUnitReportReporter -->
<testsuite hostname="ESLLAP-3041" failures="0" tests="3" name="interviewPrep.TestNGGroupsDemo" time="0.002" errors="0" timestamp="12 Aug 2023 11:02:30 GMT" skipped="0">
  <testcase classname="interviewPrep.TestNGGroupsDemo" name="testMethod1" time="0.000"/>
  <testcase classname="interviewPrep.TestNGGroupsDemo" name="testMethod3" time="0.001"/>
  <testcase classname="interviewPrep.TestNGGroupsDemo" name="testMethod2" time="0.001"/>
</testsuite> <!-- interviewPrep.TestNGGroupsDemo -->
