<?xml version="1.0" encoding="UTF-8"?>
<!-- Generated by org.testng.reporters.JUnitReportReporter -->
<testsuite hostname="ESLLAP-3041" failures="0" tests="3" name="interviewPrep.TestNGGroupsDependOn" time="0.008" errors="0" timestamp="12 Aug 2023 11:07:51 GMT" skipped="0">
  <testcase classname="interviewPrep.TestNGGroupsDependOn" name="testMethod3" time="0.001"/>
  <testcase classname="interviewPrep.TestNGGroupsDependOn" name="last" time="0.000"/>
  <testcase classname="interviewPrep.TestNGGroupsDependOn" name="first" time="0.007"/>
</testsuite> <!-- interviewPrep.TestNGGroupsDependOn -->
