<?xml version="1.0" encoding="UTF-8"?>
<!-- Generated by org.testng.reporters.JUnitReportReporter -->
<testsuite hostname="ESLLAP-3041" failures="0" tests="3" name="testNgPractice.DependOnMEthodTest" time="0.010" errors="0" timestamp="27 Oct 2023 06:09:08 GMT" skipped="0">
  <testcase classname="testNgPractice.DependOnMEthodTest" name="purchase" time="0.001"/>
  <testcase classname="testNgPractice.DependOnMEthodTest" name="openUrl" time="0.001"/>
  <testcase classname="testNgPractice.DependOnMEthodTest" name="Login" time="0.008"/>
</testsuite> <!-- testNgPractice.DependOnMEthodTest -->
