<?xml version="1.0" encoding="UTF-8"?>
<!-- Generated by org.testng.reporters.JUnitReportReporter -->
<testsuite hostname="ESLLAP-3041" failures="0" tests="1" name="testNgPractice.DataProviderDemo" time="1.350" errors="0" timestamp="27 Oct 2023 09:31:52 GMT" skipped="0">
  <testcase classname="testNgPractice.DataProviderDemo" name="LoginTest" time="1.350"/>
</testsuite> <!-- testNgPractice.DataProviderDemo -->
