<?xml version="1.0" encoding="UTF-8"?>
<!-- Generated by org.testng.reporters.JUnitReportReporter -->
<testsuite hostname="ESLLAP-3041" failures="0" tests="2" name="testNgIgnore.DemopTestNg2" time="0.008" errors="0" timestamp="09 Oct 2023 16:28:02 GMT" skipped="0">
  <testcase classname="testNgIgnore.DemopTestNg2" name="test1" time="0.007"/>
  <testcase classname="testNgIgnore.DemopTestNg2" name="test2" time="0.001"/>
</testsuite> <!-- testNgIgnore.DemopTestNg2 -->
