<?xml version="1.0" encoding="UTF-8"?>
<!-- Generated by org.testng.reporters.JUnitReportReporter -->
<testsuite hostname="ESLLAP-3041" failures="0" tests="3" name="sfdc.TestNGGroupsClassLevel" time="0.008" errors="0" timestamp="12 Aug 2023 05:29:27 GMT" skipped="0">
  <testcase classname="sfdc.TestNGGroupsClassLevel" name="testMethod1" time="0.007"/>
  <testcase classname="sfdc.TestNGGroupsClassLevel" name="testMethod3" time="0.001"/>
  <testcase classname="sfdc.TestNGGroupsClassLevel" name="testMethod2" time="0.000"/>
</testsuite> <!-- sfdc.TestNGGroupsClassLevel -->
