<?xml version="1.0" encoding="UTF-8"?>
<!-- Generated by org.testng.reporters.JUnitReportReporter -->
<testsuite hostname="ESLLAP-3041" failures="0" tests="1" name="interviewPrep.DependonMethod" time="0.009" errors="0" timestamp="12 Aug 2023 10:12:46 GMT" skipped="0">
  <testcase classname="interviewPrep.DependonMethod" name="methodC" time="0.009"/>
</testsuite> <!-- interviewPrep.DependonMethod -->
