<?xml version="1.0" encoding="UTF-8"?>
<!-- Generated by org.testng.reporters.JUnitReportReporter -->
<testsuite hostname="ESLLAP-3041" failures="0" tests="2" name="sfdc.TestNGGroupsDemo" time="0.009" errors="0" timestamp="12 Aug 2023 04:49:37 GMT" skipped="0">
  <testcase classname="sfdc.TestNGGroupsDemo" name="testMethod3" time="0.001"/>
  <testcase classname="sfdc.TestNGGroupsDemo" name="testMethod2" time="0.008"/>
</testsuite> <!-- sfdc.TestNGGroupsDemo -->
