<?xml version="1.0" encoding="UTF-8"?>
<!-- Generated by org.testng.reporters.JUnitReportReporter -->
<testsuite hostname="ESLLAP-3041" failures="0" tests="3" name="interviewPrep.DependentTestExamples" time="25.407" errors="0" timestamp="12 Aug 2023 10:47:09 GMT" skipped="0">
  <testcase classname="interviewPrep.DependentTestExamples" name="Mango" time="11.103"/>
  <testcase classname="interviewPrep.DependentTestExamples" name="Apple" time="14.304"/>
  <testcase classname="interviewPrep.DependentTestExamples" name="venila" time="0.000"/>
</testsuite> <!-- interviewPrep.DependentTestExamples -->
